Using pre-set license
Built from '2020.3/release' branch; Version is '2020.3.12f1 (b3b2c6512326) revision 11776710'; Using compiler version '192528614'; Build Type 'Release'
OS: 'Windows 10 Pro; OS build 16299.309; Version 1709; 64bit' Language: 'en' Physical Memory: 16300 MB
BatchMode: 1, IsHumanControllingUs: 0, StartBugReporterOnCrash: 0, Is64bit: 1, IsPro: 0

 COMMAND LINE ARGUMENTS:
C:\Program Files\Unity\Hub\Editor\2020.3.12f1\Editor\Unity.exe
-adb2
-batchMode
-noUpm
-name
AssetImportWorker1
-projectPath
E:/Unity/Shooter-Highcore-TZ
-logFile
Logs/AssetImportWorker1.log
-srvPort
53727
Successfully changed project path to: E:/Unity/Shooter-Highcore-TZ
E:/Unity/Shooter-Highcore-TZ
Using Asset Import Pipeline V2.
Refreshing native plugins compatible for Editor in 39.98 ms, found 2 plugins.
Preloading 0 native plugins for Editor in 0.00 ms.
Initialize engine version: 2020.3.12f1 (b3b2c6512326)
[Subsystems] Discovering subsystems at path C:/Program Files/Unity/Hub/Editor/2020.3.12f1/Editor/Data/Resources/UnitySubsystems
[Subsystems] Discovering subsystems at path E:/Unity/Shooter-Highcore-TZ/Assets
GfxDevice: creating device client; threaded=0
Direct3D:
    Version:  Direct3D 11.0 [level 11.0]
    Renderer: NVIDIA GeForce GT 755M (ID=0xfcd)
    Vendor:   
    VRAM:     2009 MB
    Driver:   25.21.14.1771
Initialize mono
Mono path[0] = 'C:/Program Files/Unity/Hub/Editor/2020.3.12f1/Editor/Data/Managed'
Mono path[1] = 'C:/Program Files/Unity/Hub/Editor/2020.3.12f1/Editor/Data/MonoBleedingEdge/lib/mono/unityjit'
Mono config path = 'C:/Program Files/Unity/Hub/Editor/2020.3.12f1/Editor/Data/MonoBleedingEdge/etc'
Using monoOptions --debugger-agent=transport=dt_socket,embedding=1,server=y,suspend=n,address=127.0.0.1:56148
Begin MonoManager ReloadAssembly
Registering precompiled unity dll's ...
Register platform support module: C:/Program Files/Unity/Hub/Editor/2020.3.12f1/Editor/Data/PlaybackEngines/WindowsStandaloneSupport/UnityEditor.WindowsStandalone.Extensions.dll
Registered in 0.002885 seconds.
Native extension for WindowsStandalone target not found
Refreshing native plugins compatible for Editor in 50.48 ms, found 2 plugins.
Preloading 0 native plugins for Editor in 0.00 ms.
Mono: successfully reloaded assembly
- Completed reload, in  1.463 seconds
Platform modules already initialized, skipping
Registering precompiled user dll's ...
Registered in 0.010194 seconds.
Begin MonoManager ReloadAssembly
Native extension for WindowsStandalone target not found
Refreshing native plugins compatible for Editor in 0.44 ms, found 2 plugins.
Preloading 0 native plugins for Editor in 0.00 ms.
Mono: successfully reloaded assembly
- Completed reload, in  1.570 seconds
Platform modules already initialized, skipping
========================================================================
Worker process is ready to serve import requests
Launched and connected shader compiler UnityShaderCompiler.exe after 0.06 seconds
Refreshing native plugins compatible for Editor in 0.43 ms, found 2 plugins.
Preloading 0 native plugins for Editor in 0.00 ms.
Unloading 1391 Unused Serialized files (Serialized files now loaded: 0)
System memory in use before: 65.0 MB.
System memory in use after: 65.0 MB.

Unloading 19 unused Assets to reduce memory usage. Loaded Objects now: 1825.
Total: 2.781027 ms (FindLiveObjects: 0.177904 ms CreateObjectMapping: 0.092801 ms MarkObjects: 2.383310 ms  DeleteObjects: 0.124875 ms)

AssetImportParameters requested are different than current active one (requested -> active):
  custom:framework-win-MediaFoundation: 216162199b28c13a410421893ffa2e32 -> 
  custom:video-decoder-ogg-theora: a1e56fd34408186e4bbccfd4996cb3dc -> 
  custom:container-muxer-webm: aa71ff27fc2769a1b78a27578f13a17b -> 
  custom:container-demuxer-webm: 4f35f7cbe854078d1ac9338744f61a02 -> 
  custom:container-demuxer-ogg: 62fdf1f143b41e24485cea50d1cbac27 -> 
  custom:video-encoder-webm-vp8: eb34c28f22e8b96e1ab97ce403110664 -> 
  custom:video-decoder-webm-vp8: 9c59270c3fd7afecdb556c50c9e8de78 -> 
  custom:audio-decoder-ogg-vorbis: bf7c407c2cedff20999df2af8eb42d56 -> 
  custom:audio-encoder-webm-vorbis: bf7c407c2cedff20999df2af8eb42d56 -> 
========================================================================
Received Import Request.
  path: Assets/Prefabs/Weapon.prefab
  artifactKey: Guid(f91e46af649acba4597314487e6e60e8) Importer(815301076,1909f56bfc062723c751e8b465ee728b)
Start importing Assets/Prefabs/Weapon.prefab using Guid(f91e46af649acba4597314487e6e60e8) Importer(815301076,1909f56bfc062723c751e8b465ee728b)  -> (artifact id: '044cbb2489d74dc65798e9d016d377dc') in 0.141365 seconds 
  Import took 0.145191 seconds .

========================================================================
Received Import Request.
  Time since last request: 0.000312 seconds.
  path: Assets/Prefabs/EnemyShot.prefab
  artifactKey: Guid(9605b28e8d47e1d4497250abf6a408ab) Importer(815301076,1909f56bfc062723c751e8b465ee728b)
Start importing Assets/Prefabs/EnemyShot.prefab using Guid(9605b28e8d47e1d4497250abf6a408ab) Importer(815301076,1909f56bfc062723c751e8b465ee728b)  -> (artifact id: 'd45108989b8fce2f3b3be22328e923e3') in 0.012866 seconds 
  Import took 0.016861 seconds .

========================================================================
Received Prepare
Registering precompiled user dll's ...
Registered in 0.008725 seconds.
Begin MonoManager ReloadAssembly
Native extension for WindowsStandalone target not found
Refreshing native plugins compatible for Editor in 0.42 ms, found 2 plugins.
Preloading 0 native plugins for Editor in 0.00 ms.
Mono: successfully reloaded assembly
- Completed reload, in  1.443 seconds
Platform modules already initialized, skipping
Refreshing native plugins compatible for Editor in 0.43 ms, found 2 plugins.
Preloading 0 native plugins for Editor in 0.00 ms.
Unloading 1386 Unused Serialized files (Serialized files now loaded: 0)
System memory in use before: 68.1 MB.
System memory in use after: 68.2 MB.

Unloading 14 unused Assets to reduce memory usage. Loaded Objects now: 1837.
Total: 2.369625 ms (FindLiveObjects: 0.173627 ms CreateObjectMapping: 0.070563 ms MarkObjects: 2.063853 ms  DeleteObjects: 0.059444 ms)

AssetImportParameters requested are different than current active one (requested -> active):
  custom:framework-win-MediaFoundation: 216162199b28c13a410421893ffa2e32 -> 
  custom:video-decoder-ogg-theora: a1e56fd34408186e4bbccfd4996cb3dc -> 
  custom:container-muxer-webm: aa71ff27fc2769a1b78a27578f13a17b -> 
  custom:container-demuxer-webm: 4f35f7cbe854078d1ac9338744f61a02 -> 
  custom:container-demuxer-ogg: 62fdf1f143b41e24485cea50d1cbac27 -> 
  custom:video-encoder-webm-vp8: eb34c28f22e8b96e1ab97ce403110664 -> 
  custom:video-decoder-webm-vp8: 9c59270c3fd7afecdb556c50c9e8de78 -> 
  custom:audio-decoder-ogg-vorbis: bf7c407c2cedff20999df2af8eb42d56 -> 
  custom:audio-encoder-webm-vorbis: bf7c407c2cedff20999df2af8eb42d56 -> 
========================================================================
Received Import Request.
  Time since last request: 99.200996 seconds.
  path: Assets/Prefabs/Bullet.prefab
  artifactKey: Guid(9605b28e8d47e1d4497250abf6a408ab) Importer(815301076,1909f56bfc062723c751e8b465ee728b)
Start importing Assets/Prefabs/Bullet.prefab using Guid(9605b28e8d47e1d4497250abf6a408ab) Importer(815301076,1909f56bfc062723c751e8b465ee728b)  -> (artifact id: '7b33a7a4df1d3eb1ba218345d79b7dfa') in 0.085348 seconds 
  Import took 0.088656 seconds .

========================================================================
Received Prepare
Registering precompiled user dll's ...
Registered in 0.007498 seconds.
Begin MonoManager ReloadAssembly
Native extension for WindowsStandalone target not found
Refreshing native plugins compatible for Editor in 0.38 ms, found 2 plugins.
Preloading 0 native plugins for Editor in 0.00 ms.
Mono: successfully reloaded assembly
- Completed reload, in  1.105 seconds
Platform modules already initialized, skipping
Refreshing native plugins compatible for Editor in 0.36 ms, found 2 plugins.
Preloading 0 native plugins for Editor in 0.00 ms.
Unloading 1386 Unused Serialized files (Serialized files now loaded: 0)
System memory in use before: 68.1 MB.
System memory in use after: 68.2 MB.

Unloading 14 unused Assets to reduce memory usage. Loaded Objects now: 1841.
Total: 1.990724 ms (FindLiveObjects: 0.149679 ms CreateObjectMapping: 0.053457 ms MarkObjects: 1.733277 ms  DeleteObjects: 0.053884 ms)

AssetImportParameters requested are different than current active one (requested -> active):
  custom:framework-win-MediaFoundation: 216162199b28c13a410421893ffa2e32 -> 
  custom:video-decoder-ogg-theora: a1e56fd34408186e4bbccfd4996cb3dc -> 
  custom:container-muxer-webm: aa71ff27fc2769a1b78a27578f13a17b -> 
  custom:container-demuxer-webm: 4f35f7cbe854078d1ac9338744f61a02 -> 
  custom:container-demuxer-ogg: 62fdf1f143b41e24485cea50d1cbac27 -> 
  custom:video-encoder-webm-vp8: eb34c28f22e8b96e1ab97ce403110664 -> 
  custom:video-decoder-webm-vp8: 9c59270c3fd7afecdb556c50c9e8de78 -> 
  custom:audio-decoder-ogg-vorbis: bf7c407c2cedff20999df2af8eb42d56 -> 
  custom:audio-encoder-webm-vorbis: bf7c407c2cedff20999df2af8eb42d56 -> 
========================================================================
Received Import Request.
  Time since last request: 15.648899 seconds.
  path: Assets/Prefabs/Weapon.prefab
  artifactKey: Guid(f91e46af649acba4597314487e6e60e8) Importer(815301076,1909f56bfc062723c751e8b465ee728b)
Start importing Assets/Prefabs/Weapon.prefab using Guid(f91e46af649acba4597314487e6e60e8) Importer(815301076,1909f56bfc062723c751e8b465ee728b)  -> (artifact id: 'e4622dc5fa98b56a648d8f649491d0ec') in 0.057042 seconds 
  Import took 0.059517 seconds .

========================================================================
Received Import Request.
  Time since last request: 0.000253 seconds.
  path: Assets/Prefabs/Bullet.prefab
  artifactKey: Guid(9605b28e8d47e1d4497250abf6a408ab) Importer(815301076,1909f56bfc062723c751e8b465ee728b)
Start importing Assets/Prefabs/Bullet.prefab using Guid(9605b28e8d47e1d4497250abf6a408ab) Importer(815301076,1909f56bfc062723c751e8b465ee728b)  -> (artifact id: '894d44930d2578f042970dac5d0aa4e6') in 0.009207 seconds 
  Import took 0.011530 seconds .

========================================================================
Received Import Request.
  Time since last request: 18.046730 seconds.
  path: Assets/Prefabs/Pistol.prefab
  artifactKey: Guid(f91e46af649acba4597314487e6e60e8) Importer(815301076,1909f56bfc062723c751e8b465ee728b)
Start importing Assets/Prefabs/Pistol.prefab using Guid(f91e46af649acba4597314487e6e60e8) Importer(815301076,1909f56bfc062723c751e8b465ee728b)  -> (artifact id: '7c8739847ee41e34d9f6bd90c41d9532') in 0.011256 seconds 
  Import took 0.014033 seconds .

========================================================================
Received Import Request.
  Time since last request: 0.016841 seconds.
  path: Assets/Prefabs/Pistol.prefab
  artifactKey: Guid(f91e46af649acba4597314487e6e60e8) Importer(815301076,1909f56bfc062723c751e8b465ee728b)
Start importing Assets/Prefabs/Pistol.prefab using Guid(f91e46af649acba4597314487e6e60e8) Importer(815301076,1909f56bfc062723c751e8b465ee728b)  -> (artifact id: '7c8739847ee41e34d9f6bd90c41d9532') in 0.012130 seconds 
  Import took 0.014765 seconds .

========================================================================
Received Import Request.
  Time since last request: 15.899109 seconds.
  path: Assets/Prefabs/Pistol.prefab
  artifactKey: Guid(f91e46af649acba4597314487e6e60e8) Importer(815301076,1909f56bfc062723c751e8b465ee728b)
Start importing Assets/Prefabs/Pistol.prefab using Guid(f91e46af649acba4597314487e6e60e8) Importer(815301076,1909f56bfc062723c751e8b465ee728b)  -> (artifact id: '3d8f76953fd3210eed23457cf4cf4a54') in 0.011342 seconds 
  Import took 0.014231 seconds .

========================================================================
Received Import Request.
  Time since last request: 0.017838 seconds.
  path: Assets/Prefabs/Pistol.prefab
  artifactKey: Guid(f91e46af649acba4597314487e6e60e8) Importer(815301076,1909f56bfc062723c751e8b465ee728b)
Start importing Assets/Prefabs/Pistol.prefab using Guid(f91e46af649acba4597314487e6e60e8) Importer(815301076,1909f56bfc062723c751e8b465ee728b)  -> (artifact id: '3d8f76953fd3210eed23457cf4cf4a54') in 0.011856 seconds 
  Import took 0.014711 seconds .

========================================================================
Received Import Request.
  Time since last request: 4.993763 seconds.
  path: Assets/Prefabs/Pistol.prefab
  artifactKey: Guid(f91e46af649acba4597314487e6e60e8) Importer(815301076,1909f56bfc062723c751e8b465ee728b)
Start importing Assets/Prefabs/Pistol.prefab using Guid(f91e46af649acba4597314487e6e60e8) Importer(815301076,1909f56bfc062723c751e8b465ee728b)  -> (artifact id: '03718b31293f35587a1066df1da54f71') in 0.010173 seconds 
  Import took 0.012861 seconds .

========================================================================
Received Import Request.
  Time since last request: 0.016453 seconds.
  path: Assets/Prefabs/Pistol.prefab
  artifactKey: Guid(f91e46af649acba4597314487e6e60e8) Importer(815301076,1909f56bfc062723c751e8b465ee728b)
Start importing Assets/Prefabs/Pistol.prefab using Guid(f91e46af649acba4597314487e6e60e8) Importer(815301076,1909f56bfc062723c751e8b465ee728b)  -> (artifact id: '03718b31293f35587a1066df1da54f71') in 0.011842 seconds 
  Import took 0.014571 seconds .

========================================================================
Received Import Request.
  Time since last request: 6.244624 seconds.
  path: Assets/Prefabs/Pistol.prefab
  artifactKey: Guid(f91e46af649acba4597314487e6e60e8) Importer(815301076,1909f56bfc062723c751e8b465ee728b)
Start importing Assets/Prefabs/Pistol.prefab using Guid(f91e46af649acba4597314487e6e60e8) Importer(815301076,1909f56bfc062723c751e8b465ee728b)  -> (artifact id: '100bf0b0b1ea2d0a01efcd7d074252df') in 0.010122 seconds 
  Import took 0.012948 seconds .

========================================================================
Received Import Request.
  Time since last request: 0.013740 seconds.
  path: Assets/Prefabs/Pistol.prefab
  artifactKey: Guid(f91e46af649acba4597314487e6e60e8) Importer(815301076,1909f56bfc062723c751e8b465ee728b)
Start importing Assets/Prefabs/Pistol.prefab using Guid(f91e46af649acba4597314487e6e60e8) Importer(815301076,1909f56bfc062723c751e8b465ee728b)  -> (artifact id: '100bf0b0b1ea2d0a01efcd7d074252df') in 0.013180 seconds 
  Import took 0.016321 seconds .

========================================================================
Received Import Request.
  Time since last request: 7.118244 seconds.
  path: Assets/Prefabs/Pistol.prefab
  artifactKey: Guid(f91e46af649acba4597314487e6e60e8) Importer(815301076,1909f56bfc062723c751e8b465ee728b)
Start importing Assets/Prefabs/Pistol.prefab using Guid(f91e46af649acba4597314487e6e60e8) Importer(815301076,1909f56bfc062723c751e8b465ee728b)  -> (artifact id: '96817dcc95a44a6217f413ed0a759eb1') in 0.010712 seconds 
  Import took 0.013460 seconds .

========================================================================
Received Import Request.
  Time since last request: 146.319663 seconds.
  path: Assets/Scripts/HealthController.cs
  artifactKey: Guid(77b3882bc15dcd84c8cd21f44b600cd3) Importer(815301076,1909f56bfc062723c751e8b465ee728b)
Start importing Assets/Scripts/HealthController.cs using Guid(77b3882bc15dcd84c8cd21f44b600cd3) Importer(815301076,1909f56bfc062723c751e8b465ee728b)  -> (artifact id: '458e7f4a5ab1b863e2b06054cf1f0a21') in 0.004759 seconds 
  Import took 0.007495 seconds .

========================================================================
Received Import Request.
  Time since last request: 0.000736 seconds.
  path: Assets/Scripts/HealthController.cs
  artifactKey: Guid(77b3882bc15dcd84c8cd21f44b600cd3) Importer(815301076,1909f56bfc062723c751e8b465ee728b)
Start importing Assets/Scripts/HealthController.cs using Guid(77b3882bc15dcd84c8cd21f44b600cd3) Importer(815301076,1909f56bfc062723c751e8b465ee728b)  -> (artifact id: '458e7f4a5ab1b863e2b06054cf1f0a21') in 0.002638 seconds 
  Import took 0.005285 seconds .

========================================================================
Received Prepare
Registering precompiled user dll's ...
Registered in 0.007650 seconds.
Begin MonoManager ReloadAssembly
Native extension for WindowsStandalone target not found
Refreshing native plugins compatible for Editor in 0.45 ms, found 2 plugins.
Preloading 0 native plugins for Editor in 0.00 ms.
Mono: successfully reloaded assembly
- Completed reload, in  1.929 seconds
Platform modules already initialized, skipping
Refreshing native plugins compatible for Editor in 0.43 ms, found 2 plugins.
Preloading 0 native plugins for Editor in 0.00 ms.
Unloading 1385 Unused Serialized files (Serialized files now loaded: 0)
System memory in use before: 68.1 MB.
System memory in use after: 68.2 MB.

Unloading 15 unused Assets to reduce memory usage. Loaded Objects now: 1844.
Total: 2.705332 ms (FindLiveObjects: 0.218958 ms CreateObjectMapping: 0.073984 ms MarkObjects: 2.333274 ms  DeleteObjects: 0.077405 ms)

AssetImportParameters requested are different than current active one (requested -> active):
  custom:framework-win-MediaFoundation: 216162199b28c13a410421893ffa2e32 -> 
  custom:video-decoder-ogg-theora: a1e56fd34408186e4bbccfd4996cb3dc -> 
  custom:container-muxer-webm: aa71ff27fc2769a1b78a27578f13a17b -> 
  custom:container-demuxer-webm: 4f35f7cbe854078d1ac9338744f61a02 -> 
  custom:container-demuxer-ogg: 62fdf1f143b41e24485cea50d1cbac27 -> 
  custom:video-encoder-webm-vp8: eb34c28f22e8b96e1ab97ce403110664 -> 
  custom:video-decoder-webm-vp8: 9c59270c3fd7afecdb556c50c9e8de78 -> 
  custom:audio-decoder-ogg-vorbis: bf7c407c2cedff20999df2af8eb42d56 -> 
  custom:audio-encoder-webm-vorbis: bf7c407c2cedff20999df2af8eb42d56 -> 
========================================================================
Received Import Request.
  Time since last request: 7.335016 seconds.
  path: Assets/Scripts/WeaponController.cs
  artifactKey: Guid(7dabe1a661099eb41a953d63fed3ff3b) Importer(815301076,1909f56bfc062723c751e8b465ee728b)
Start importing Assets/Scripts/WeaponController.cs using Guid(7dabe1a661099eb41a953d63fed3ff3b) Importer(815301076,1909f56bfc062723c751e8b465ee728b)  -> (artifact id: '65f36021ba5b42478285f45130c0e277') in 0.007374 seconds 
  Import took 0.011193 seconds .

========================================================================
Received Import Request.
  Time since last request: 297.273599 seconds.
  path: Assets/Scripts/SwitchingWeaponController.cs
  artifactKey: Guid(3ad35fa62e700424c91425edee2714e7) Importer(815301076,1909f56bfc062723c751e8b465ee728b)
Start importing Assets/Scripts/SwitchingWeaponController.cs using Guid(3ad35fa62e700424c91425edee2714e7) Importer(815301076,1909f56bfc062723c751e8b465ee728b)  -> (artifact id: 'e2ab674b28396531acb9d4f4ab642066') in 0.004167 seconds 
  Import took 0.007408 seconds .

========================================================================
Received Prepare
Registering precompiled user dll's ...
Registered in 0.014946 seconds.
Begin MonoManager ReloadAssembly
Native extension for WindowsStandalone target not found
Refreshing native plugins compatible for Editor in 0.48 ms, found 2 plugins.
Preloading 0 native plugins for Editor in 0.00 ms.
Mono: successfully reloaded assembly
- Completed reload, in  1.546 seconds
Platform modules already initialized, skipping
Refreshing native plugins compatible for Editor in 0.42 ms, found 2 plugins.
Preloading 0 native plugins for Editor in 0.00 ms.
Unloading 1386 Unused Serialized files (Serialized files now loaded: 0)
System memory in use before: 68.2 MB.
System memory in use after: 68.3 MB.

Unloading 14 unused Assets to reduce memory usage. Loaded Objects now: 1848.
Total: 2.662567 ms (FindLiveObjects: 0.221524 ms CreateObjectMapping: 0.076978 ms MarkObjects: 2.288371 ms  DeleteObjects: 0.073556 ms)

AssetImportParameters requested are different than current active one (requested -> active):
  custom:framework-win-MediaFoundation: 216162199b28c13a410421893ffa2e32 -> 
  custom:video-decoder-ogg-theora: a1e56fd34408186e4bbccfd4996cb3dc -> 
  custom:container-muxer-webm: aa71ff27fc2769a1b78a27578f13a17b -> 
  custom:container-demuxer-webm: 4f35f7cbe854078d1ac9338744f61a02 -> 
  custom:container-demuxer-ogg: 62fdf1f143b41e24485cea50d1cbac27 -> 
  custom:video-encoder-webm-vp8: eb34c28f22e8b96e1ab97ce403110664 -> 
  custom:video-decoder-webm-vp8: 9c59270c3fd7afecdb556c50c9e8de78 -> 
  custom:audio-decoder-ogg-vorbis: bf7c407c2cedff20999df2af8eb42d56 -> 
  custom:audio-encoder-webm-vorbis: bf7c407c2cedff20999df2af8eb42d56 -> 
========================================================================
Received Import Request.
  Time since last request: 633.708738 seconds.
  path: Assets/Scripts/SwitchingWeaponController.cs
  artifactKey: Guid(3ad35fa62e700424c91425edee2714e7) Importer(815301076,1909f56bfc062723c751e8b465ee728b)
Start importing Assets/Scripts/SwitchingWeaponController.cs using Guid(3ad35fa62e700424c91425edee2714e7) Importer(815301076,1909f56bfc062723c751e8b465ee728b)  -> (artifact id: 'ec5ad1c17926d349e1a3163b6837171a') in 0.009185 seconds 
  Import took 0.012451 seconds .

========================================================================
Received Prepare
Registering precompiled user dll's ...
Registered in 0.006864 seconds.
Begin MonoManager ReloadAssembly
Native extension for WindowsStandalone target not found
Refreshing native plugins compatible for Editor in 0.43 ms, found 2 plugins.
Preloading 0 native plugins for Editor in 0.00 ms.
Mono: successfully reloaded assembly
- Completed reload, in  1.078 seconds
Platform modules already initialized, skipping
Refreshing native plugins compatible for Editor in 0.57 ms, found 2 plugins.
Preloading 0 native plugins for Editor in 0.00 ms.
Unloading 1386 Unused Serialized files (Serialized files now loaded: 0)
System memory in use before: 68.2 MB.
System memory in use after: 68.3 MB.

Unloading 14 unused Assets to reduce memory usage. Loaded Objects now: 1851.
Total: 2.628355 ms (FindLiveObjects: 0.224518 ms CreateObjectMapping: 0.120598 ms MarkObjects: 2.217808 ms  DeleteObjects: 0.064148 ms)

AssetImportParameters requested are different than current active one (requested -> active):
  custom:framework-win-MediaFoundation: 216162199b28c13a410421893ffa2e32 -> 
  custom:video-decoder-ogg-theora: a1e56fd34408186e4bbccfd4996cb3dc -> 
  custom:container-muxer-webm: aa71ff27fc2769a1b78a27578f13a17b -> 
  custom:container-demuxer-webm: 4f35f7cbe854078d1ac9338744f61a02 -> 
  custom:container-demuxer-ogg: 62fdf1f143b41e24485cea50d1cbac27 -> 
  custom:video-encoder-webm-vp8: eb34c28f22e8b96e1ab97ce403110664 -> 
  custom:video-decoder-webm-vp8: 9c59270c3fd7afecdb556c50c9e8de78 -> 
  custom:audio-decoder-ogg-vorbis: bf7c407c2cedff20999df2af8eb42d56 -> 
  custom:audio-encoder-webm-vorbis: bf7c407c2cedff20999df2af8eb42d56 -> 
========================================================================
Received Import Request.
  Time since last request: 385.861447 seconds.
  path: Assets/Prefabs/Bullet.prefab
  artifactKey: Guid(9605b28e8d47e1d4497250abf6a408ab) Importer(815301076,1909f56bfc062723c751e8b465ee728b)
Start importing Assets/Prefabs/Bullet.prefab using Guid(9605b28e8d47e1d4497250abf6a408ab) Importer(815301076,1909f56bfc062723c751e8b465ee728b)  -> (artifact id: '4bf13e8ac6f7c6fcf93c5de0a676a9d8') in 0.059894 seconds 
  Import took 0.062913 seconds .

========================================================================
Received Import Request.
  Time since last request: 0.000254 seconds.
  path: Assets/Prefabs/Pistol.prefab
  artifactKey: Guid(f91e46af649acba4597314487e6e60e8) Importer(815301076,1909f56bfc062723c751e8b465ee728b)
Start importing Assets/Prefabs/Pistol.prefab using Guid(f91e46af649acba4597314487e6e60e8) Importer(815301076,1909f56bfc062723c751e8b465ee728b)  -> (artifact id: 'eb6727e455d65e908ad96bfc8ba8fda6') in 0.010054 seconds 
  Import took 0.012409 seconds .

========================================================================
Received Import Request.
  Time since last request: 160.078379 seconds.
  path: Assets/Prefabs/ShotGun Variant.prefab
  artifactKey: Guid(48eafe24e9e5c0e48999e02e0de0f039) Importer(815301076,1909f56bfc062723c751e8b465ee728b)
Start importing Assets/Prefabs/ShotGun Variant.prefab using Guid(48eafe24e9e5c0e48999e02e0de0f039) Importer(815301076,1909f56bfc062723c751e8b465ee728b)  -> (artifact id: '0930d5eaa8304bfb85b2ea8320280017') in 0.010834 seconds 
  Import took 0.014009 seconds .

========================================================================
Received Import Request.
  Time since last request: 0.001050 seconds.
  path: Assets/Prefabs/ShotGun Variant.prefab
  artifactKey: Guid(48eafe24e9e5c0e48999e02e0de0f039) Importer(815301076,1909f56bfc062723c751e8b465ee728b)
Start importing Assets/Prefabs/ShotGun Variant.prefab using Guid(48eafe24e9e5c0e48999e02e0de0f039) Importer(815301076,1909f56bfc062723c751e8b465ee728b)  -> (artifact id: '0930d5eaa8304bfb85b2ea8320280017') in 0.010904 seconds 
  Import took 0.013698 seconds .

========================================================================
Received Import Request.
  Time since last request: 6.915435 seconds.
  path: Assets/Prefabs/ShotGun.prefab
  artifactKey: Guid(48eafe24e9e5c0e48999e02e0de0f039) Importer(815301076,1909f56bfc062723c751e8b465ee728b)
Start importing Assets/Prefabs/ShotGun.prefab using Guid(48eafe24e9e5c0e48999e02e0de0f039) Importer(815301076,1909f56bfc062723c751e8b465ee728b)  -> (artifact id: '2017aac560aa02e42e045443244f0365') in 0.013938 seconds 
  Import took 0.017533 seconds .

========================================================================
Received Import Request.
  Time since last request: 0.017309 seconds.
  path: Assets/Prefabs/ShotGun.prefab
  artifactKey: Guid(48eafe24e9e5c0e48999e02e0de0f039) Importer(815301076,1909f56bfc062723c751e8b465ee728b)
Start importing Assets/Prefabs/ShotGun.prefab using Guid(48eafe24e9e5c0e48999e02e0de0f039) Importer(815301076,1909f56bfc062723c751e8b465ee728b)  -> (artifact id: '2017aac560aa02e42e045443244f0365') in 0.024782 seconds 
  Import took 0.027691 seconds .

========================================================================
Received Import Request.
  Time since last request: 3.858623 seconds.
  path: Assets/Prefabs/Pistol.prefab
  artifactKey: Guid(f91e46af649acba4597314487e6e60e8) Importer(815301076,1909f56bfc062723c751e8b465ee728b)
Start importing Assets/Prefabs/Pistol.prefab using Guid(f91e46af649acba4597314487e6e60e8) Importer(815301076,1909f56bfc062723c751e8b465ee728b)  -> (artifact id: '79254ba274963432c10e278c8b0c1c90') in 0.014257 seconds 
  Import took 0.017902 seconds .

========================================================================
Received Import Request.
  Time since last request: 0.018197 seconds.
  path: Assets/Prefabs/Pistol.prefab
  artifactKey: Guid(f91e46af649acba4597314487e6e60e8) Importer(815301076,1909f56bfc062723c751e8b465ee728b)
Start importing Assets/Prefabs/Pistol.prefab using Guid(f91e46af649acba4597314487e6e60e8) Importer(815301076,1909f56bfc062723c751e8b465ee728b)  -> (artifact id: '79254ba274963432c10e278c8b0c1c90') in 0.031488 seconds 
  Import took 0.034293 seconds .

========================================================================
Received Import Request.
  Time since last request: 0.000245 seconds.
  path: Assets/Prefabs/ShotGun.prefab
  artifactKey: Guid(48eafe24e9e5c0e48999e02e0de0f039) Importer(815301076,1909f56bfc062723c751e8b465ee728b)
Start importing Assets/Prefabs/ShotGun.prefab using Guid(48eafe24e9e5c0e48999e02e0de0f039) Importer(815301076,1909f56bfc062723c751e8b465ee728b)  -> (artifact id: 'a7ec82b37032ac3731982c40acfaa623') in 0.028613 seconds 
  Import took 0.031217 seconds .

========================================================================
Received Import Request.
  Time since last request: 1.140724 seconds.
  path: Assets/Prefabs/Pistol.prefab
  artifactKey: Guid(f91e46af649acba4597314487e6e60e8) Importer(815301076,1909f56bfc062723c751e8b465ee728b)
Start importing Assets/Prefabs/Pistol.prefab using Guid(f91e46af649acba4597314487e6e60e8) Importer(815301076,1909f56bfc062723c751e8b465ee728b)  -> (artifact id: '281d4bf1aff02286d2e71289caadc908') in 0.024760 seconds 
  Import took 0.027688 seconds .

========================================================================
Received Import Request.
  Time since last request: 0.000240 seconds.
  path: Assets/Prefabs/ShotGun.prefab
  artifactKey: Guid(48eafe24e9e5c0e48999e02e0de0f039) Importer(815301076,1909f56bfc062723c751e8b465ee728b)
Start importing Assets/Prefabs/ShotGun.prefab using Guid(48eafe24e9e5c0e48999e02e0de0f039) Importer(815301076,1909f56bfc062723c751e8b465ee728b)  -> (artifact id: '51aa4a43d93bc1586efc010076990d8e') in 0.012385 seconds 
  Import took 0.015026 seconds .

========================================================================
Received Import Request.
  Time since last request: 44.711339 seconds.
  path: Assets/Prefabs/AK47 Variant.prefab
  artifactKey: Guid(f86b01c25226db345987ee69fe566ab3) Importer(815301076,1909f56bfc062723c751e8b465ee728b)
Start importing Assets/Prefabs/AK47 Variant.prefab using Guid(f86b01c25226db345987ee69fe566ab3) Importer(815301076,1909f56bfc062723c751e8b465ee728b)  -> (artifact id: '7f0ff9ef82eac04c7bbcd0bfa10737df') in 0.011296 seconds 
  Import took 0.014645 seconds .

========================================================================
Received Import Request.
  Time since last request: 0.000518 seconds.
  path: Assets/Prefabs/AK47 Variant.prefab
  artifactKey: Guid(f86b01c25226db345987ee69fe566ab3) Importer(815301076,1909f56bfc062723c751e8b465ee728b)
Start importing Assets/Prefabs/AK47 Variant.prefab using Guid(f86b01c25226db345987ee69fe566ab3) Importer(815301076,1909f56bfc062723c751e8b465ee728b)  -> (artifact id: '7f0ff9ef82eac04c7bbcd0bfa10737df') in 0.011756 seconds 
  Import took 0.014574 seconds .

========================================================================
Received Import Request.
  Time since last request: 5.557896 seconds.
  path: Assets/Prefabs/AK47.prefab
  artifactKey: Guid(f86b01c25226db345987ee69fe566ab3) Importer(815301076,1909f56bfc062723c751e8b465ee728b)
Start importing Assets/Prefabs/AK47.prefab using Guid(f86b01c25226db345987ee69fe566ab3) Importer(815301076,1909f56bfc062723c751e8b465ee728b)  -> (artifact id: 'b1821a6b054ebc1541f9bbac9c2f52f9') in 0.011286 seconds 
  Import took 0.013991 seconds .

========================================================================
Received Import Request.
  Time since last request: 0.018076 seconds.
  path: Assets/Prefabs/AK47.prefab
  artifactKey: Guid(f86b01c25226db345987ee69fe566ab3) Importer(815301076,1909f56bfc062723c751e8b465ee728b)
Start importing Assets/Prefabs/AK47.prefab using Guid(f86b01c25226db345987ee69fe566ab3) Importer(815301076,1909f56bfc062723c751e8b465ee728b)  -> (artifact id: 'b1821a6b054ebc1541f9bbac9c2f52f9') in 0.024818 seconds 
  Import took 0.027729 seconds .

========================================================================
Received Prepare
Registering precompiled user dll's ...
Registered in 0.007441 seconds.
Begin MonoManager ReloadAssembly
Native extension for WindowsStandalone target not found
Refreshing native plugins compatible for Editor in 0.36 ms, found 2 plugins.
Preloading 0 native plugins for Editor in 0.00 ms.
Mono: successfully reloaded assembly
- Completed reload, in  1.120 seconds
Platform modules already initialized, skipping
Refreshing native plugins compatible for Editor in 0.35 ms, found 2 plugins.
Preloading 0 native plugins for Editor in 0.00 ms.
Unloading 1386 Unused Serialized files (Serialized files now loaded: 0)
System memory in use before: 68.2 MB.
System memory in use after: 68.3 MB.

Unloading 14 unused Assets to reduce memory usage. Loaded Objects now: 1855.
Total: 2.043326 ms (FindLiveObjects: 0.160370 ms CreateObjectMapping: 0.055595 ms MarkObjects: 1.761502 ms  DeleteObjects: 0.064576 ms)

AssetImportParameters requested are different than current active one (requested -> active):
  custom:framework-win-MediaFoundation: 216162199b28c13a410421893ffa2e32 -> 
  custom:video-decoder-ogg-theora: a1e56fd34408186e4bbccfd4996cb3dc -> 
  custom:container-muxer-webm: aa71ff27fc2769a1b78a27578f13a17b -> 
  custom:container-demuxer-webm: 4f35f7cbe854078d1ac9338744f61a02 -> 
  custom:container-demuxer-ogg: 62fdf1f143b41e24485cea50d1cbac27 -> 
  custom:video-encoder-webm-vp8: eb34c28f22e8b96e1ab97ce403110664 -> 
  custom:video-decoder-webm-vp8: 9c59270c3fd7afecdb556c50c9e8de78 -> 
  custom:audio-decoder-ogg-vorbis: bf7c407c2cedff20999df2af8eb42d56 -> 
  custom:audio-encoder-webm-vorbis: bf7c407c2cedff20999df2af8eb42d56 -> 
========================================================================
Received Prepare
Registering precompiled user dll's ...
Registered in 0.006961 seconds.
Begin MonoManager ReloadAssembly
Native extension for WindowsStandalone target not found
Refreshing native plugins compatible for Editor in 0.37 ms, found 2 plugins.
Preloading 0 native plugins for Editor in 0.00 ms.
Mono: successfully reloaded assembly
- Completed reload, in  1.123 seconds
Platform modules already initialized, skipping
Refreshing native plugins compatible for Editor in 0.36 ms, found 2 plugins.
Preloading 0 native plugins for Editor in 0.00 ms.
Unloading 1386 Unused Serialized files (Serialized files now loaded: 0)
System memory in use before: 68.2 MB.
System memory in use after: 68.3 MB.

Unloading 14 unused Assets to reduce memory usage. Loaded Objects now: 1858.
Total: 2.270409 ms (FindLiveObjects: 0.155238 ms CreateObjectMapping: 0.054740 ms MarkObjects: 1.991580 ms  DeleteObjects: 0.067142 ms)

AssetImportParameters requested are different than current active one (requested -> active):
  custom:framework-win-MediaFoundation: 216162199b28c13a410421893ffa2e32 -> 
  custom:video-decoder-ogg-theora: a1e56fd34408186e4bbccfd4996cb3dc -> 
  custom:container-muxer-webm: aa71ff27fc2769a1b78a27578f13a17b -> 
  custom:container-demuxer-webm: 4f35f7cbe854078d1ac9338744f61a02 -> 
  custom:container-demuxer-ogg: 62fdf1f143b41e24485cea50d1cbac27 -> 
  custom:video-encoder-webm-vp8: eb34c28f22e8b96e1ab97ce403110664 -> 
  custom:video-decoder-webm-vp8: 9c59270c3fd7afecdb556c50c9e8de78 -> 
  custom:audio-decoder-ogg-vorbis: bf7c407c2cedff20999df2af8eb42d56 -> 
  custom:audio-encoder-webm-vorbis: bf7c407c2cedff20999df2af8eb42d56 -> 
========================================================================
Received Prepare
Registering precompiled user dll's ...
Registered in 0.007539 seconds.
Begin MonoManager ReloadAssembly
Native extension for WindowsStandalone target not found
Refreshing native plugins compatible for Editor in 0.37 ms, found 2 plugins.
Preloading 0 native plugins for Editor in 0.00 ms.
Mono: successfully reloaded assembly
- Completed reload, in  1.074 seconds
Platform modules already initialized, skipping
Refreshing native plugins compatible for Editor in 0.38 ms, found 2 plugins.
Preloading 0 native plugins for Editor in 0.00 ms.
Unloading 1386 Unused Serialized files (Serialized files now loaded: 0)
System memory in use before: 68.2 MB.
System memory in use after: 68.3 MB.

Unloading 14 unused Assets to reduce memory usage. Loaded Objects now: 1861.
Total: 2.158364 ms (FindLiveObjects: 0.169351 ms CreateObjectMapping: 0.053029 ms MarkObjects: 1.850026 ms  DeleteObjects: 0.084675 ms)

AssetImportParameters requested are different than current active one (requested -> active):
  custom:framework-win-MediaFoundation: 216162199b28c13a410421893ffa2e32 -> 
  custom:video-decoder-ogg-theora: a1e56fd34408186e4bbccfd4996cb3dc -> 
  custom:container-muxer-webm: aa71ff27fc2769a1b78a27578f13a17b -> 
  custom:container-demuxer-webm: 4f35f7cbe854078d1ac9338744f61a02 -> 
  custom:container-demuxer-ogg: 62fdf1f143b41e24485cea50d1cbac27 -> 
  custom:video-encoder-webm-vp8: eb34c28f22e8b96e1ab97ce403110664 -> 
  custom:video-decoder-webm-vp8: 9c59270c3fd7afecdb556c50c9e8de78 -> 
  custom:audio-decoder-ogg-vorbis: bf7c407c2cedff20999df2af8eb42d56 -> 
  custom:audio-encoder-webm-vorbis: bf7c407c2cedff20999df2af8eb42d56 -> 
========================================================================
Received Prepare
Registering precompiled user dll's ...
Registered in 0.007100 seconds.
Begin MonoManager ReloadAssembly
Native extension for WindowsStandalone target not found
Refreshing native plugins compatible for Editor in 0.40 ms, found 2 plugins.
Preloading 0 native plugins for Editor in 0.00 ms.
Mono: successfully reloaded assembly
- Completed reload, in  1.109 seconds
Platform modules already initialized, skipping
Refreshing native plugins compatible for Editor in 0.36 ms, found 2 plugins.
Preloading 0 native plugins for Editor in 0.00 ms.
Unloading 1386 Unused Serialized files (Serialized files now loaded: 0)
System memory in use before: 68.2 MB.
System memory in use after: 68.3 MB.

Unloading 14 unused Assets to reduce memory usage. Loaded Objects now: 1864.
Total: 2.027930 ms (FindLiveObjects: 0.150961 ms CreateObjectMapping: 0.053884 ms MarkObjects: 1.762785 ms  DeleteObjects: 0.059016 ms)

AssetImportParameters requested are different than current active one (requested -> active):
  custom:framework-win-MediaFoundation: 216162199b28c13a410421893ffa2e32 -> 
  custom:video-decoder-ogg-theora: a1e56fd34408186e4bbccfd4996cb3dc -> 
  custom:container-muxer-webm: aa71ff27fc2769a1b78a27578f13a17b -> 
  custom:container-demuxer-webm: 4f35f7cbe854078d1ac9338744f61a02 -> 
  custom:container-demuxer-ogg: 62fdf1f143b41e24485cea50d1cbac27 -> 
  custom:video-encoder-webm-vp8: eb34c28f22e8b96e1ab97ce403110664 -> 
  custom:video-decoder-webm-vp8: 9c59270c3fd7afecdb556c50c9e8de78 -> 
  custom:audio-decoder-ogg-vorbis: bf7c407c2cedff20999df2af8eb42d56 -> 
  custom:audio-encoder-webm-vorbis: bf7c407c2cedff20999df2af8eb42d56 -> 
========================================================================
Received Prepare
Registering precompiled user dll's ...
Registered in 0.008053 seconds.
Begin MonoManager ReloadAssembly
Native extension for WindowsStandalone target not found
Refreshing native plugins compatible for Editor in 0.38 ms, found 2 plugins.
Preloading 0 native plugins for Editor in 0.00 ms.
Mono: successfully reloaded assembly
- Completed reload, in  1.071 seconds
Platform modules already initialized, skipping
Refreshing native plugins compatible for Editor in 0.38 ms, found 2 plugins.
Preloading 0 native plugins for Editor in 0.00 ms.
Unloading 1386 Unused Serialized files (Serialized files now loaded: 0)
System memory in use before: 68.3 MB.
System memory in use after: 68.3 MB.

Unloading 14 unused Assets to reduce memory usage. Loaded Objects now: 1867.
Total: 2.148100 ms (FindLiveObjects: 0.162080 ms CreateObjectMapping: 0.054740 ms MarkObjects: 1.867560 ms  DeleteObjects: 0.062865 ms)

AssetImportParameters requested are different than current active one (requested -> active):
  custom:framework-win-MediaFoundation: 216162199b28c13a410421893ffa2e32 -> 
  custom:video-decoder-ogg-theora: a1e56fd34408186e4bbccfd4996cb3dc -> 
  custom:container-muxer-webm: aa71ff27fc2769a1b78a27578f13a17b -> 
  custom:container-demuxer-webm: 4f35f7cbe854078d1ac9338744f61a02 -> 
  custom:container-demuxer-ogg: 62fdf1f143b41e24485cea50d1cbac27 -> 
  custom:video-encoder-webm-vp8: eb34c28f22e8b96e1ab97ce403110664 -> 
  custom:video-decoder-webm-vp8: 9c59270c3fd7afecdb556c50c9e8de78 -> 
  custom:audio-decoder-ogg-vorbis: bf7c407c2cedff20999df2af8eb42d56 -> 
  custom:audio-encoder-webm-vorbis: bf7c407c2cedff20999df2af8eb42d56 -> 
========================================================================
Received Prepare
Registering precompiled user dll's ...
Registered in 0.009320 seconds.
Begin MonoManager ReloadAssembly
Native extension for WindowsStandalone target not found
Refreshing native plugins compatible for Editor in 0.44 ms, found 2 plugins.
Preloading 0 native plugins for Editor in 0.00 ms.
Mono: successfully reloaded assembly
- Completed reload, in  1.411 seconds
Platform modules already initialized, skipping
Refreshing native plugins compatible for Editor in 0.46 ms, found 2 plugins.
Preloading 0 native plugins for Editor in 0.00 ms.
Unloading 1386 Unused Serialized files (Serialized files now loaded: 0)
System memory in use before: 68.3 MB.
System memory in use after: 68.3 MB.

Unloading 14 unused Assets to reduce memory usage. Loaded Objects now: 1870.
Total: 2.632204 ms (FindLiveObjects: 0.201425 ms CreateObjectMapping: 0.075267 ms MarkObjects: 2.281528 ms  DeleteObjects: 0.072701 ms)

AssetImportParameters requested are different than current active one (requested -> active):
  custom:framework-win-MediaFoundation: 216162199b28c13a410421893ffa2e32 -> 
  custom:video-decoder-ogg-theora: a1e56fd34408186e4bbccfd4996cb3dc -> 
  custom:container-muxer-webm: aa71ff27fc2769a1b78a27578f13a17b -> 
  custom:container-demuxer-webm: 4f35f7cbe854078d1ac9338744f61a02 -> 
  custom:container-demuxer-ogg: 62fdf1f143b41e24485cea50d1cbac27 -> 
  custom:video-encoder-webm-vp8: eb34c28f22e8b96e1ab97ce403110664 -> 
  custom:video-decoder-webm-vp8: 9c59270c3fd7afecdb556c50c9e8de78 -> 
  custom:audio-decoder-ogg-vorbis: bf7c407c2cedff20999df2af8eb42d56 -> 
  custom:audio-encoder-webm-vorbis: bf7c407c2cedff20999df2af8eb42d56 -> 
========================================================================
Received Prepare
Registering precompiled user dll's ...
Registered in 0.011391 seconds.
Begin MonoManager ReloadAssembly
Native extension for WindowsStandalone target not found
Refreshing native plugins compatible for Editor in 0.44 ms, found 2 plugins.
Preloading 0 native plugins for Editor in 0.00 ms.
Mono: successfully reloaded assembly
- Completed reload, in  1.668 seconds
Platform modules already initialized, skipping
Refreshing native plugins compatible for Editor in 0.42 ms, found 2 plugins.
Preloading 0 native plugins for Editor in 0.00 ms.
Unloading 1386 Unused Serialized files (Serialized files now loaded: 0)
System memory in use before: 68.3 MB.
System memory in use after: 68.3 MB.

Unloading 14 unused Assets to reduce memory usage. Loaded Objects now: 1873.
Total: 2.445747 ms (FindLiveObjects: 0.177048 ms CreateObjectMapping: 0.070990 ms MarkObjects: 2.131422 ms  DeleteObjects: 0.065003 ms)

AssetImportParameters requested are different than current active one (requested -> active):
  custom:framework-win-MediaFoundation: 216162199b28c13a410421893ffa2e32 -> 
  custom:video-decoder-ogg-theora: a1e56fd34408186e4bbccfd4996cb3dc -> 
  custom:container-muxer-webm: aa71ff27fc2769a1b78a27578f13a17b -> 
  custom:container-demuxer-webm: 4f35f7cbe854078d1ac9338744f61a02 -> 
  custom:container-demuxer-ogg: 62fdf1f143b41e24485cea50d1cbac27 -> 
  custom:video-encoder-webm-vp8: eb34c28f22e8b96e1ab97ce403110664 -> 
  custom:video-decoder-webm-vp8: 9c59270c3fd7afecdb556c50c9e8de78 -> 
  custom:audio-decoder-ogg-vorbis: bf7c407c2cedff20999df2af8eb42d56 -> 
  custom:audio-encoder-webm-vorbis: bf7c407c2cedff20999df2af8eb42d56 -> 
========================================================================
Received Prepare
Registering precompiled user dll's ...
Registered in 0.009225 seconds.
Begin MonoManager ReloadAssembly
Native extension for WindowsStandalone target not found
Refreshing native plugins compatible for Editor in 0.43 ms, found 2 plugins.
Preloading 0 native plugins for Editor in 0.00 ms.
Mono: successfully reloaded assembly
- Completed reload, in  1.390 seconds
Platform modules already initialized, skipping
Refreshing native plugins compatible for Editor in 0.46 ms, found 2 plugins.
Preloading 0 native plugins for Editor in 0.00 ms.
Unloading 1386 Unused Serialized files (Serialized files now loaded: 0)
System memory in use before: 68.3 MB.
System memory in use after: 68.4 MB.

Unloading 14 unused Assets to reduce memory usage. Loaded Objects now: 1876.
Total: 2.458149 ms (FindLiveObjects: 0.177048 ms CreateObjectMapping: 0.071846 ms MarkObjects: 2.143396 ms  DeleteObjects: 0.064576 ms)

AssetImportParameters requested are different than current active one (requested -> active):
  custom:framework-win-MediaFoundation: 216162199b28c13a410421893ffa2e32 -> 
  custom:video-decoder-ogg-theora: a1e56fd34408186e4bbccfd4996cb3dc -> 
  custom:container-muxer-webm: aa71ff27fc2769a1b78a27578f13a17b -> 
  custom:container-demuxer-webm: 4f35f7cbe854078d1ac9338744f61a02 -> 
  custom:container-demuxer-ogg: 62fdf1f143b41e24485cea50d1cbac27 -> 
  custom:video-encoder-webm-vp8: eb34c28f22e8b96e1ab97ce403110664 -> 
  custom:video-decoder-webm-vp8: 9c59270c3fd7afecdb556c50c9e8de78 -> 
  custom:audio-decoder-ogg-vorbis: bf7c407c2cedff20999df2af8eb42d56 -> 
  custom:audio-encoder-webm-vorbis: bf7c407c2cedff20999df2af8eb42d56 -> 
========================================================================
Received Import Request.
  Time since last request: 1233.703872 seconds.
  path: Assets/Prefabs/AK47 1.prefab
  artifactKey: Guid(2721f28c3bdc78c4e99c024f1f4aec7a) Importer(815301076,1909f56bfc062723c751e8b465ee728b)
Start importing Assets/Prefabs/AK47 1.prefab using Guid(2721f28c3bdc78c4e99c024f1f4aec7a) Importer(815301076,1909f56bfc062723c751e8b465ee728b)  -> (artifact id: 'c5a8d25129291b348a509d883cb53b90') in 0.089435 seconds 
  Import took 0.092951 seconds .

========================================================================
Received Import Request.
  Time since last request: 0.004931 seconds.
  path: Assets/Prefabs/AK47 1.prefab
  artifactKey: Guid(2721f28c3bdc78c4e99c024f1f4aec7a) Importer(815301076,1909f56bfc062723c751e8b465ee728b)
Start importing Assets/Prefabs/AK47 1.prefab using Guid(2721f28c3bdc78c4e99c024f1f4aec7a) Importer(815301076,1909f56bfc062723c751e8b465ee728b)  -> (artifact id: 'c5a8d25129291b348a509d883cb53b90') in 0.015858 seconds 
  Import took 0.019407 seconds .

========================================================================
Received Import Request.
  Time since last request: 8.802847 seconds.
  path: Assets/Prefabs/AK47.prefab
  artifactKey: Guid(2721f28c3bdc78c4e99c024f1f4aec7a) Importer(815301076,1909f56bfc062723c751e8b465ee728b)
Start importing Assets/Prefabs/AK47.prefab using Guid(2721f28c3bdc78c4e99c024f1f4aec7a) Importer(815301076,1909f56bfc062723c751e8b465ee728b)  -> (artifact id: '304605b1eabbe097cdabe6c49bd99f41') in 0.014289 seconds 
  Import took 0.017630 seconds .

========================================================================
Received Import Request.
  Time since last request: 0.019678 seconds.
  path: Assets/Prefabs/AK47.prefab
  artifactKey: Guid(2721f28c3bdc78c4e99c024f1f4aec7a) Importer(815301076,1909f56bfc062723c751e8b465ee728b)
Start importing Assets/Prefabs/AK47.prefab using Guid(2721f28c3bdc78c4e99c024f1f4aec7a) Importer(815301076,1909f56bfc062723c751e8b465ee728b)  -> (artifact id: '304605b1eabbe097cdabe6c49bd99f41') in 0.025066 seconds 
  Import took 0.028474 seconds .

========================================================================
Received Prepare
Registering precompiled user dll's ...
Registered in 0.008391 seconds.
Begin MonoManager ReloadAssembly
Native extension for WindowsStandalone target not found
Refreshing native plugins compatible for Editor in 0.46 ms, found 2 plugins.
Preloading 0 native plugins for Editor in 0.00 ms.
Mono: successfully reloaded assembly
- Completed reload, in  1.482 seconds
Platform modules already initialized, skipping
Refreshing native plugins compatible for Editor in 0.43 ms, found 2 plugins.
Preloading 0 native plugins for Editor in 0.00 ms.
Unloading 1386 Unused Serialized files (Serialized files now loaded: 0)
System memory in use before: 68.3 MB.
System memory in use after: 68.4 MB.

Unloading 14 unused Assets to reduce memory usage. Loaded Objects now: 1880.
Total: 2.470123 ms (FindLiveObjects: 0.174910 ms CreateObjectMapping: 0.069707 ms MarkObjects: 2.157936 ms  DeleteObjects: 0.065859 ms)

AssetImportParameters requested are different than current active one (requested -> active):
  custom:framework-win-MediaFoundation: 216162199b28c13a410421893ffa2e32 -> 
  custom:video-decoder-ogg-theora: a1e56fd34408186e4bbccfd4996cb3dc -> 
  custom:container-muxer-webm: aa71ff27fc2769a1b78a27578f13a17b -> 
  custom:container-demuxer-webm: 4f35f7cbe854078d1ac9338744f61a02 -> 
  custom:container-demuxer-ogg: 62fdf1f143b41e24485cea50d1cbac27 -> 
  custom:video-encoder-webm-vp8: eb34c28f22e8b96e1ab97ce403110664 -> 
  custom:video-decoder-webm-vp8: 9c59270c3fd7afecdb556c50c9e8de78 -> 
  custom:audio-decoder-ogg-vorbis: bf7c407c2cedff20999df2af8eb42d56 -> 
  custom:audio-encoder-webm-vorbis: bf7c407c2cedff20999df2af8eb42d56 -> 
========================================================================
Received Import Request.
  Time since last request: 164.266488 seconds.
  path: Assets/Prefabs/AK47.prefab
  artifactKey: Guid(2721f28c3bdc78c4e99c024f1f4aec7a) Importer(815301076,1909f56bfc062723c751e8b465ee728b)
Start importing Assets/Prefabs/AK47.prefab using Guid(2721f28c3bdc78c4e99c024f1f4aec7a) Importer(815301076,1909f56bfc062723c751e8b465ee728b)  -> (artifact id: '7c84e370d6fa1b34bfaa80987c9ecf58') in 0.070786 seconds 
  Import took 0.073633 seconds .

========================================================================
Received Prepare
Registering precompiled user dll's ...
Registered in 0.006727 seconds.
Begin MonoManager ReloadAssembly
Native extension for WindowsStandalone target not found
Refreshing native plugins compatible for Editor in 0.38 ms, found 2 plugins.
Preloading 0 native plugins for Editor in 0.00 ms.
Mono: successfully reloaded assembly
- Completed reload, in  1.090 seconds
Platform modules already initialized, skipping
Refreshing native plugins compatible for Editor in 0.42 ms, found 2 plugins.
Preloading 0 native plugins for Editor in 0.00 ms.
Unloading 1386 Unused Serialized files (Serialized files now loaded: 0)
System memory in use before: 68.3 MB.
System memory in use after: 68.4 MB.

Unloading 14 unused Assets to reduce memory usage. Loaded Objects now: 1884.
Total: 2.480387 ms (FindLiveObjects: 0.184318 ms CreateObjectMapping: 0.052601 ms MarkObjects: 2.178891 ms  DeleteObjects: 0.063293 ms)

AssetImportParameters requested are different than current active one (requested -> active):
  custom:framework-win-MediaFoundation: 216162199b28c13a410421893ffa2e32 -> 
  custom:video-decoder-ogg-theora: a1e56fd34408186e4bbccfd4996cb3dc -> 
  custom:container-muxer-webm: aa71ff27fc2769a1b78a27578f13a17b -> 
  custom:container-demuxer-webm: 4f35f7cbe854078d1ac9338744f61a02 -> 
  custom:container-demuxer-ogg: 62fdf1f143b41e24485cea50d1cbac27 -> 
  custom:video-encoder-webm-vp8: eb34c28f22e8b96e1ab97ce403110664 -> 
  custom:video-decoder-webm-vp8: 9c59270c3fd7afecdb556c50c9e8de78 -> 
  custom:audio-decoder-ogg-vorbis: bf7c407c2cedff20999df2af8eb42d56 -> 
  custom:audio-encoder-webm-vorbis: bf7c407c2cedff20999df2af8eb42d56 -> 
========================================================================
Received Prepare
Registering precompiled user dll's ...
Registered in 0.008143 seconds.
Begin MonoManager ReloadAssembly
Native extension for WindowsStandalone target not found
Refreshing native plugins compatible for Editor in 0.36 ms, found 2 plugins.
Preloading 0 native plugins for Editor in 0.00 ms.
Mono: successfully reloaded assembly
- Completed reload, in  1.075 seconds
Platform modules already initialized, skipping
Refreshing native plugins compatible for Editor in 0.35 ms, found 2 plugins.
Preloading 0 native plugins for Editor in 0.00 ms.
Unloading 1386 Unused Serialized files (Serialized files now loaded: 0)
System memory in use before: 68.3 MB.
System memory in use after: 68.4 MB.

Unloading 14 unused Assets to reduce memory usage. Loaded Objects now: 1887.
Total: 2.203268 ms (FindLiveObjects: 0.152672 ms CreateObjectMapping: 0.057305 ms MarkObjects: 1.909043 ms  DeleteObjects: 0.083392 ms)

AssetImportParameters requested are different than current active one (requested -> active):
  custom:framework-win-MediaFoundation: 216162199b28c13a410421893ffa2e32 -> 
  custom:video-decoder-ogg-theora: a1e56fd34408186e4bbccfd4996cb3dc -> 
  custom:container-muxer-webm: aa71ff27fc2769a1b78a27578f13a17b -> 
  custom:container-demuxer-webm: 4f35f7cbe854078d1ac9338744f61a02 -> 
  custom:container-demuxer-ogg: 62fdf1f143b41e24485cea50d1cbac27 -> 
  custom:video-encoder-webm-vp8: eb34c28f22e8b96e1ab97ce403110664 -> 
  custom:video-decoder-webm-vp8: 9c59270c3fd7afecdb556c50c9e8de78 -> 
  custom:audio-decoder-ogg-vorbis: bf7c407c2cedff20999df2af8eb42d56 -> 
  custom:audio-encoder-webm-vorbis: bf7c407c2cedff20999df2af8eb42d56 -> 
========================================================================
Received Prepare
Registering precompiled user dll's ...
Registered in 0.008633 seconds.
Begin MonoManager ReloadAssembly
Native extension for WindowsStandalone target not found
Refreshing native plugins compatible for Editor in 0.43 ms, found 2 plugins.
Preloading 0 native plugins for Editor in 0.00 ms.
Mono: successfully reloaded assembly
- Completed reload, in  1.425 seconds
Platform modules already initialized, skipping
Refreshing native plugins compatible for Editor in 0.42 ms, found 2 plugins.
Preloading 0 native plugins for Editor in 0.00 ms.
Unloading 1386 Unused Serialized files (Serialized files now loaded: 0)
System memory in use before: 68.3 MB.
System memory in use after: 68.4 MB.

Unloading 14 unused Assets to reduce memory usage. Loaded Objects now: 1890.
Total: 2.479104 ms (FindLiveObjects: 0.176621 ms CreateObjectMapping: 0.070990 ms MarkObjects: 2.163068 ms  DeleteObjects: 0.067569 ms)

AssetImportParameters requested are different than current active one (requested -> active):
  custom:framework-win-MediaFoundation: 216162199b28c13a410421893ffa2e32 -> 
  custom:video-decoder-ogg-theora: a1e56fd34408186e4bbccfd4996cb3dc -> 
  custom:container-muxer-webm: aa71ff27fc2769a1b78a27578f13a17b -> 
  custom:container-demuxer-webm: 4f35f7cbe854078d1ac9338744f61a02 -> 
  custom:container-demuxer-ogg: 62fdf1f143b41e24485cea50d1cbac27 -> 
  custom:video-encoder-webm-vp8: eb34c28f22e8b96e1ab97ce403110664 -> 
  custom:video-decoder-webm-vp8: 9c59270c3fd7afecdb556c50c9e8de78 -> 
  custom:audio-decoder-ogg-vorbis: bf7c407c2cedff20999df2af8eb42d56 -> 
  custom:audio-encoder-webm-vorbis: bf7c407c2cedff20999df2af8eb42d56 -> 
========================================================================
Received Prepare
Registering precompiled user dll's ...
Registered in 0.009158 seconds.
Begin MonoManager ReloadAssembly
Native extension for WindowsStandalone target not found
Refreshing native plugins compatible for Editor in 0.44 ms, found 2 plugins.
Preloading 0 native plugins for Editor in 0.00 ms.
Mono: successfully reloaded assembly
- Completed reload, in  1.398 seconds
Platform modules already initialized, skipping
Refreshing native plugins compatible for Editor in 0.43 ms, found 2 plugins.
Preloading 0 native plugins for Editor in 0.00 ms.
Unloading 1386 Unused Serialized files (Serialized files now loaded: 0)
System memory in use before: 68.3 MB.
System memory in use after: 68.4 MB.

Unloading 14 unused Assets to reduce memory usage. Loaded Objects now: 1893.
Total: 2.558647 ms (FindLiveObjects: 0.218958 ms CreateObjectMapping: 0.072273 ms MarkObjects: 2.198136 ms  DeleteObjects: 0.067997 ms)

AssetImportParameters requested are different than current active one (requested -> active):
  custom:framework-win-MediaFoundation: 216162199b28c13a410421893ffa2e32 -> 
  custom:video-decoder-ogg-theora: a1e56fd34408186e4bbccfd4996cb3dc -> 
  custom:container-muxer-webm: aa71ff27fc2769a1b78a27578f13a17b -> 
  custom:container-demuxer-webm: 4f35f7cbe854078d1ac9338744f61a02 -> 
  custom:container-demuxer-ogg: 62fdf1f143b41e24485cea50d1cbac27 -> 
  custom:video-encoder-webm-vp8: eb34c28f22e8b96e1ab97ce403110664 -> 
  custom:video-decoder-webm-vp8: 9c59270c3fd7afecdb556c50c9e8de78 -> 
  custom:audio-decoder-ogg-vorbis: bf7c407c2cedff20999df2af8eb42d56 -> 
  custom:audio-encoder-webm-vorbis: bf7c407c2cedff20999df2af8eb42d56 -> 
========================================================================
Received Prepare
Registering precompiled user dll's ...
Registered in 0.008583 seconds.
Begin MonoManager ReloadAssembly
Native extension for WindowsStandalone target not found
Refreshing native plugins compatible for Editor in 0.43 ms, found 2 plugins.
Preloading 0 native plugins for Editor in 0.00 ms.
Mono: successfully reloaded assembly
- Completed reload, in  1.363 seconds
Platform modules already initialized, skipping
Refreshing native plugins compatible for Editor in 0.43 ms, found 2 plugins.
Preloading 0 native plugins for Editor in 0.00 ms.
Unloading 1386 Unused Serialized files (Serialized files now loaded: 0)
System memory in use before: 68.3 MB.
System memory in use after: 68.4 MB.

Unloading 14 unused Assets to reduce memory usage. Loaded Objects now: 1896.
Total: 2.476538 ms (FindLiveObjects: 0.173627 ms CreateObjectMapping: 0.067997 ms MarkObjects: 2.165207 ms  DeleteObjects: 0.067997 ms)

AssetImportParameters requested are different than current active one (requested -> active):
  custom:framework-win-MediaFoundation: 216162199b28c13a410421893ffa2e32 -> 
  custom:video-decoder-ogg-theora: a1e56fd34408186e4bbccfd4996cb3dc -> 
  custom:container-muxer-webm: aa71ff27fc2769a1b78a27578f13a17b -> 
  custom:container-demuxer-webm: 4f35f7cbe854078d1ac9338744f61a02 -> 
  custom:container-demuxer-ogg: 62fdf1f143b41e24485cea50d1cbac27 -> 
  custom:video-encoder-webm-vp8: eb34c28f22e8b96e1ab97ce403110664 -> 
  custom:video-decoder-webm-vp8: 9c59270c3fd7afecdb556c50c9e8de78 -> 
  custom:audio-decoder-ogg-vorbis: bf7c407c2cedff20999df2af8eb42d56 -> 
  custom:audio-encoder-webm-vorbis: bf7c407c2cedff20999df2af8eb42d56 -> 
========================================================================
Received Prepare
Registering precompiled user dll's ...
Registered in 0.007295 seconds.
Begin MonoManager ReloadAssembly
Native extension for WindowsStandalone target not found
Refreshing native plugins compatible for Editor in 0.37 ms, found 2 plugins.
Preloading 0 native plugins for Editor in 0.00 ms.
Mono: successfully reloaded assembly
- Completed reload, in  1.077 seconds
Platform modules already initialized, skipping
Refreshing native plugins compatible for Editor in 0.35 ms, found 2 plugins.
Preloading 0 native plugins for Editor in 0.00 ms.
Unloading 1386 Unused Serialized files (Serialized files now loaded: 0)
System memory in use before: 68.3 MB.
System memory in use after: 68.4 MB.

Unloading 14 unused Assets to reduce memory usage. Loaded Objects now: 1899.
Total: 2.316168 ms (FindLiveObjects: 0.194582 ms CreateObjectMapping: 0.056450 ms MarkObjects: 2.002271 ms  DeleteObjects: 0.061154 ms)

AssetImportParameters requested are different than current active one (requested -> active):
  custom:framework-win-MediaFoundation: 216162199b28c13a410421893ffa2e32 -> 
  custom:video-decoder-ogg-theora: a1e56fd34408186e4bbccfd4996cb3dc -> 
  custom:container-muxer-webm: aa71ff27fc2769a1b78a27578f13a17b -> 
  custom:container-demuxer-webm: 4f35f7cbe854078d1ac9338744f61a02 -> 
  custom:container-demuxer-ogg: 62fdf1f143b41e24485cea50d1cbac27 -> 
  custom:video-encoder-webm-vp8: eb34c28f22e8b96e1ab97ce403110664 -> 
  custom:video-decoder-webm-vp8: 9c59270c3fd7afecdb556c50c9e8de78 -> 
  custom:audio-decoder-ogg-vorbis: bf7c407c2cedff20999df2af8eb42d56 -> 
  custom:audio-encoder-webm-vorbis: bf7c407c2cedff20999df2af8eb42d56 -> 
========================================================================
Received Import Request.
  Time since last request: 921.742091 seconds.
  path: Assets/Prefabs/AK47.prefab
  artifactKey: Guid(2721f28c3bdc78c4e99c024f1f4aec7a) Importer(815301076,1909f56bfc062723c751e8b465ee728b)
Start importing Assets/Prefabs/AK47.prefab using Guid(2721f28c3bdc78c4e99c024f1f4aec7a) Importer(815301076,1909f56bfc062723c751e8b465ee728b)  -> (artifact id: 'ecc5139ffa3276c7fcf93572c1ccbeb2') in 0.061457 seconds 
  Import took 0.064477 seconds .

========================================================================
Received Import Request.
  Time since last request: 0.000253 seconds.
  path: Assets/Prefabs/Pistol.prefab
  artifactKey: Guid(f91e46af649acba4597314487e6e60e8) Importer(815301076,1909f56bfc062723c751e8b465ee728b)
Start importing Assets/Prefabs/Pistol.prefab using Guid(f91e46af649acba4597314487e6e60e8) Importer(815301076,1909f56bfc062723c751e8b465ee728b)  -> (artifact id: '8c35c939115464f4624dac28ac0eaa11') in 0.010344 seconds 
  Import took 0.013400 seconds .

========================================================================
Received Import Request.
  Time since last request: 0.000230 seconds.
  path: Assets/Prefabs/Bullet.prefab
  artifactKey: Guid(9605b28e8d47e1d4497250abf6a408ab) Importer(815301076,1909f56bfc062723c751e8b465ee728b)
Start importing Assets/Prefabs/Bullet.prefab using Guid(9605b28e8d47e1d4497250abf6a408ab) Importer(815301076,1909f56bfc062723c751e8b465ee728b)  -> (artifact id: 'c3c4ae542cb7c95982175030dd538506') in 0.010317 seconds 
  Import took 0.013037 seconds .

========================================================================
Received Import Request.
  Time since last request: 0.000240 seconds.
  path: Assets/Prefabs/ShotGun.prefab
  artifactKey: Guid(48eafe24e9e5c0e48999e02e0de0f039) Importer(815301076,1909f56bfc062723c751e8b465ee728b)
Start importing Assets/Prefabs/ShotGun.prefab using Guid(48eafe24e9e5c0e48999e02e0de0f039) Importer(815301076,1909f56bfc062723c751e8b465ee728b)  -> (artifact id: '037c2abca072a6c07d0af739dc2196b8') in 0.015380 seconds 
  Import took 0.018127 seconds .

========================================================================
Received Import Request.
  Time since last request: 11.881751 seconds.
  path: Assets/Prefabs/AK47.prefab
  artifactKey: Guid(2721f28c3bdc78c4e99c024f1f4aec7a) Importer(815301076,1909f56bfc062723c751e8b465ee728b)
Start importing Assets/Prefabs/AK47.prefab using Guid(2721f28c3bdc78c4e99c024f1f4aec7a) Importer(815301076,1909f56bfc062723c751e8b465ee728b)  -> (artifact id: 'cc3157a76245fd11896ccdb337cb34fb') in 0.021131 seconds 
  Import took 0.024074 seconds .

========================================================================
Received Import Request.
  Time since last request: 2.913245 seconds.
  path: Assets/Prefabs/ShotGun.prefab
  artifactKey: Guid(48eafe24e9e5c0e48999e02e0de0f039) Importer(815301076,1909f56bfc062723c751e8b465ee728b)
Start importing Assets/Prefabs/ShotGun.prefab using Guid(48eafe24e9e5c0e48999e02e0de0f039) Importer(815301076,1909f56bfc062723c751e8b465ee728b)  -> (artifact id: '6ae970ac2b59fccf1bd20b2fe21134ff') in 0.012169 seconds 
  Import took 0.015063 seconds .

========================================================================
Received Import Request.
  Time since last request: 0.034639 seconds.
  path: Assets/Prefabs/AK47.prefab
  artifactKey: Guid(2721f28c3bdc78c4e99c024f1f4aec7a) Importer(815301076,1909f56bfc062723c751e8b465ee728b)
Start importing Assets/Prefabs/AK47.prefab using Guid(2721f28c3bdc78c4e99c024f1f4aec7a) Importer(815301076,1909f56bfc062723c751e8b465ee728b)  -> (artifact id: 'e208e9d5f04095baad882ebeb698d5ce') in 0.021430 seconds 
  Import took 0.024611 seconds .

========================================================================
Received Import Request.
  Time since last request: 0.000243 seconds.
  path: Assets/Prefabs/Pistol.prefab
  artifactKey: Guid(f91e46af649acba4597314487e6e60e8) Importer(815301076,1909f56bfc062723c751e8b465ee728b)
Start importing Assets/Prefabs/Pistol.prefab using Guid(f91e46af649acba4597314487e6e60e8) Importer(815301076,1909f56bfc062723c751e8b465ee728b)  -> (artifact id: '6fcdab47b657e3f6ad1ff1cec612d5f1') in 0.011212 seconds 
  Import took 0.013925 seconds .

========================================================================
Received Import Request.
  Time since last request: 0.007621 seconds.
  path: Assets/Prefabs/Pistol.prefab
  artifactKey: Guid(f91e46af649acba4597314487e6e60e8) Importer(815301076,1909f56bfc062723c751e8b465ee728b)
Start importing Assets/Prefabs/Pistol.prefab using Guid(f91e46af649acba4597314487e6e60e8) Importer(815301076,1909f56bfc062723c751e8b465ee728b)  -> (artifact id: '6fcdab47b657e3f6ad1ff1cec612d5f1') in 0.022799 seconds 
  Import took 0.026120 seconds .

========================================================================
Received Import Request.
  Time since last request: 3.558499 seconds.
  path: Assets/Prefabs/ShotGun.prefab
  artifactKey: Guid(48eafe24e9e5c0e48999e02e0de0f039) Importer(815301076,1909f56bfc062723c751e8b465ee728b)
Start importing Assets/Prefabs/ShotGun.prefab using Guid(48eafe24e9e5c0e48999e02e0de0f039) Importer(815301076,1909f56bfc062723c751e8b465ee728b)  -> (artifact id: '0d7f3479cae9e2dd38761ade1eefc3d4') in 0.022808 seconds 
  Import took 0.025947 seconds .

========================================================================
Received Import Request.
  Time since last request: 12.424659 seconds.
  path: Assets/Prefabs/AK47.prefab
  artifactKey: Guid(2721f28c3bdc78c4e99c024f1f4aec7a) Importer(815301076,1909f56bfc062723c751e8b465ee728b)
Start importing Assets/Prefabs/AK47.prefab using Guid(2721f28c3bdc78c4e99c024f1f4aec7a) Importer(815301076,1909f56bfc062723c751e8b465ee728b)  -> (artifact id: 'c998e4518aa13d9ea268a86e2d3d66d1') in 0.017822 seconds 
  Import took 0.021126 seconds .

========================================================================
Received Import Request.
  Time since last request: 0.029910 seconds.
  path: Assets/Prefabs/AK47.prefab
  artifactKey: Guid(2721f28c3bdc78c4e99c024f1f4aec7a) Importer(815301076,1909f56bfc062723c751e8b465ee728b)
Start importing Assets/Prefabs/AK47.prefab using Guid(2721f28c3bdc78c4e99c024f1f4aec7a) Importer(815301076,1909f56bfc062723c751e8b465ee728b)  -> (artifact id: 'c998e4518aa13d9ea268a86e2d3d66d1') in 0.020280 seconds 
  Import took 0.023651 seconds .

========================================================================
Received Import Request.
  Time since last request: 0.000208 seconds.
  path: Assets/Prefabs/Pistol.prefab
  artifactKey: Guid(f91e46af649acba4597314487e6e60e8) Importer(815301076,1909f56bfc062723c751e8b465ee728b)
Start importing Assets/Prefabs/Pistol.prefab using Guid(f91e46af649acba4597314487e6e60e8) Importer(815301076,1909f56bfc062723c751e8b465ee728b)  -> (artifact id: '44b9d2f949c4f4c2f559aeb121c06b8e') in 0.011657 seconds 
  Import took 0.014409 seconds .

========================================================================
Received Import Request.
  Time since last request: 0.000214 seconds.
  path: Assets/Prefabs/ShotGun.prefab
  artifactKey: Guid(48eafe24e9e5c0e48999e02e0de0f039) Importer(815301076,1909f56bfc062723c751e8b465ee728b)
Start importing Assets/Prefabs/ShotGun.prefab using Guid(48eafe24e9e5c0e48999e02e0de0f039) Importer(815301076,1909f56bfc062723c751e8b465ee728b)  -> (artifact id: 'e40fb6a73e800650b02d0f31eb23d606') in 0.012435 seconds 
  Import took 0.015809 seconds .

========================================================================
Received Import Request.
  Time since last request: 0.000215 seconds.
  path: Assets/Prefabs/Pistol.prefab
  artifactKey: Guid(f91e46af649acba4597314487e6e60e8) Importer(815301076,1909f56bfc062723c751e8b465ee728b)
Start importing Assets/Prefabs/Pistol.prefab using Guid(f91e46af649acba4597314487e6e60e8) Importer(815301076,1909f56bfc062723c751e8b465ee728b)  -> (artifact id: '44b9d2f949c4f4c2f559aeb121c06b8e') in 0.020495 seconds 
  Import took 0.023353 seconds .

========================================================================
Received Import Request.
  Time since last request: 2.481429 seconds.
  path: Assets/Prefabs/AK47.prefab
  artifactKey: Guid(2721f28c3bdc78c4e99c024f1f4aec7a) Importer(815301076,1909f56bfc062723c751e8b465ee728b)
Start importing Assets/Prefabs/AK47.prefab using Guid(2721f28c3bdc78c4e99c024f1f4aec7a) Importer(815301076,1909f56bfc062723c751e8b465ee728b)  -> (artifact id: '291caaa9c4509b930f49947c081e6c1e') in 0.024410 seconds 
  Import took 0.027324 seconds .

========================================================================
Received Import Request.
  Time since last request: 13.090661 seconds.
  path: Assets/Prefabs/AK47.prefab
  artifactKey: Guid(2721f28c3bdc78c4e99c024f1f4aec7a) Importer(815301076,1909f56bfc062723c751e8b465ee728b)
Start importing Assets/Prefabs/AK47.prefab using Guid(2721f28c3bdc78c4e99c024f1f4aec7a) Importer(815301076,1909f56bfc062723c751e8b465ee728b)  -> (artifact id: '6f8809e3b6d01fb4d1451df65b446ea4') in 0.011974 seconds 
  Import took 0.014849 seconds .

========================================================================
Received Import Request.
  Time since last request: 0.019396 seconds.
  path: Assets/Prefabs/AK47.prefab
  artifactKey: Guid(2721f28c3bdc78c4e99c024f1f4aec7a) Importer(815301076,1909f56bfc062723c751e8b465ee728b)
Start importing Assets/Prefabs/AK47.prefab using Guid(2721f28c3bdc78c4e99c024f1f4aec7a) Importer(815301076,1909f56bfc062723c751e8b465ee728b)  -> (artifact id: '6f8809e3b6d01fb4d1451df65b446ea4') in 0.029805 seconds 
  Import took 0.032803 seconds .

========================================================================
Received Import Request.
  Time since last request: 4.789528 seconds.
  path: Assets/Prefabs/AK47.prefab
  artifactKey: Guid(2721f28c3bdc78c4e99c024f1f4aec7a) Importer(815301076,1909f56bfc062723c751e8b465ee728b)
Start importing Assets/Prefabs/AK47.prefab using Guid(2721f28c3bdc78c4e99c024f1f4aec7a) Importer(815301076,1909f56bfc062723c751e8b465ee728b)  -> (artifact id: '7c3513400e0b2bcfe9fa5fb520c0cfb9') in 0.011407 seconds 
  Import took 0.014340 seconds .

========================================================================
Received Import Request.
  Time since last request: 0.015980 seconds.
  path: Assets/Prefabs/AK47.prefab
  artifactKey: Guid(2721f28c3bdc78c4e99c024f1f4aec7a) Importer(815301076,1909f56bfc062723c751e8b465ee728b)
Start importing Assets/Prefabs/AK47.prefab using Guid(2721f28c3bdc78c4e99c024f1f4aec7a) Importer(815301076,1909f56bfc062723c751e8b465ee728b)  -> (artifact id: '7c3513400e0b2bcfe9fa5fb520c0cfb9') in 0.024235 seconds 
  Import took 0.027133 seconds .

========================================================================
Received Import Request.
  Time since last request: 2.152357 seconds.
  path: Assets/Prefabs/AK47.prefab
  artifactKey: Guid(2721f28c3bdc78c4e99c024f1f4aec7a) Importer(815301076,1909f56bfc062723c751e8b465ee728b)
Start importing Assets/Prefabs/AK47.prefab using Guid(2721f28c3bdc78c4e99c024f1f4aec7a) Importer(815301076,1909f56bfc062723c751e8b465ee728b)  -> (artifact id: '6880f15a93fa7cd56bc2ce63c6bcddbd') in 0.023783 seconds 
  Import took 0.026554 seconds .

========================================================================
Received Prepare
Registering precompiled user dll's ...
Registered in 0.009779 seconds.
Begin MonoManager ReloadAssembly
Native extension for WindowsStandalone target not found
Refreshing native plugins compatible for Editor in 0.44 ms, found 2 plugins.
Preloading 0 native plugins for Editor in 0.00 ms.
Mono: successfully reloaded assembly
- Completed reload, in  1.368 seconds
Platform modules already initialized, skipping
Refreshing native plugins compatible for Editor in 0.43 ms, found 2 plugins.
Preloading 0 native plugins for Editor in 0.00 ms.
Unloading 1386 Unused Serialized files (Serialized files now loaded: 0)
System memory in use before: 68.4 MB.
System memory in use after: 68.4 MB.

Unloading 14 unused Assets to reduce memory usage. Loaded Objects now: 1903.
Total: 2.540258 ms (FindLiveObjects: 0.180042 ms CreateObjectMapping: 0.071418 ms MarkObjects: 2.222940 ms  DeleteObjects: 0.065003 ms)

AssetImportParameters requested are different than current active one (requested -> active):
  custom:framework-win-MediaFoundation: 216162199b28c13a410421893ffa2e32 -> 
  custom:video-decoder-ogg-theora: a1e56fd34408186e4bbccfd4996cb3dc -> 
  custom:container-muxer-webm: aa71ff27fc2769a1b78a27578f13a17b -> 
  custom:container-demuxer-webm: 4f35f7cbe854078d1ac9338744f61a02 -> 
  custom:container-demuxer-ogg: 62fdf1f143b41e24485cea50d1cbac27 -> 
  custom:video-encoder-webm-vp8: eb34c28f22e8b96e1ab97ce403110664 -> 
  custom:video-decoder-webm-vp8: 9c59270c3fd7afecdb556c50c9e8de78 -> 
  custom:audio-decoder-ogg-vorbis: bf7c407c2cedff20999df2af8eb42d56 -> 
  custom:audio-encoder-webm-vorbis: bf7c407c2cedff20999df2af8eb42d56 -> 
========================================================================
Received Prepare
Registering precompiled user dll's ...
Registered in 0.008943 seconds.
Begin MonoManager ReloadAssembly
Native extension for WindowsStandalone target not found
Refreshing native plugins compatible for Editor in 0.44 ms, found 2 plugins.
Preloading 0 native plugins for Editor in 0.00 ms.
Mono: successfully reloaded assembly
- Completed reload, in  1.407 seconds
Platform modules already initialized, skipping
Refreshing native plugins compatible for Editor in 0.42 ms, found 2 plugins.
Preloading 0 native plugins for Editor in 0.00 ms.
Unloading 1386 Unused Serialized files (Serialized files now loaded: 0)
System memory in use before: 68.4 MB.
System memory in use after: 68.5 MB.

Unloading 14 unused Assets to reduce memory usage. Loaded Objects now: 1906.
Total: 2.772901 ms (FindLiveObjects: 0.172344 ms CreateObjectMapping: 0.069280 ms MarkObjects: 2.464991 ms  DeleteObjects: 0.065003 ms)

AssetImportParameters requested are different than current active one (requested -> active):
  custom:framework-win-MediaFoundation: 216162199b28c13a410421893ffa2e32 -> 
  custom:video-decoder-ogg-theora: a1e56fd34408186e4bbccfd4996cb3dc -> 
  custom:container-muxer-webm: aa71ff27fc2769a1b78a27578f13a17b -> 
  custom:container-demuxer-webm: 4f35f7cbe854078d1ac9338744f61a02 -> 
  custom:container-demuxer-ogg: 62fdf1f143b41e24485cea50d1cbac27 -> 
  custom:video-encoder-webm-vp8: eb34c28f22e8b96e1ab97ce403110664 -> 
  custom:video-decoder-webm-vp8: 9c59270c3fd7afecdb556c50c9e8de78 -> 
  custom:audio-decoder-ogg-vorbis: bf7c407c2cedff20999df2af8eb42d56 -> 
  custom:audio-encoder-webm-vorbis: bf7c407c2cedff20999df2af8eb42d56 -> 
========================================================================
Received Prepare
Registering precompiled user dll's ...
Registered in 0.011184 seconds.
Begin MonoManager ReloadAssembly
Native extension for WindowsStandalone target not found
Refreshing native plugins compatible for Editor in 0.47 ms, found 2 plugins.
Preloading 0 native plugins for Editor in 0.00 ms.
Mono: successfully reloaded assembly
- Completed reload, in  1.498 seconds
Platform modules already initialized, skipping
Refreshing native plugins compatible for Editor in 0.51 ms, found 2 plugins.
Preloading 0 native plugins for Editor in 0.00 ms.
Unloading 1386 Unused Serialized files (Serialized files now loaded: 0)
System memory in use before: 68.4 MB.
System memory in use after: 68.5 MB.

Unloading 14 unused Assets to reduce memory usage. Loaded Objects now: 1909.
Total: 2.720300 ms (FindLiveObjects: 0.194582 ms CreateObjectMapping: 0.071846 ms MarkObjects: 2.384593 ms  DeleteObjects: 0.067997 ms)

AssetImportParameters requested are different than current active one (requested -> active):
  custom:framework-win-MediaFoundation: 216162199b28c13a410421893ffa2e32 -> 
  custom:video-decoder-ogg-theora: a1e56fd34408186e4bbccfd4996cb3dc -> 
  custom:container-muxer-webm: aa71ff27fc2769a1b78a27578f13a17b -> 
  custom:container-demuxer-webm: 4f35f7cbe854078d1ac9338744f61a02 -> 
  custom:container-demuxer-ogg: 62fdf1f143b41e24485cea50d1cbac27 -> 
  custom:video-encoder-webm-vp8: eb34c28f22e8b96e1ab97ce403110664 -> 
  custom:video-decoder-webm-vp8: 9c59270c3fd7afecdb556c50c9e8de78 -> 
  custom:audio-decoder-ogg-vorbis: bf7c407c2cedff20999df2af8eb42d56 -> 
  custom:audio-encoder-webm-vorbis: bf7c407c2cedff20999df2af8eb42d56 -> 
========================================================================
Received Prepare
Registering precompiled user dll's ...
Registered in 0.009044 seconds.
Begin MonoManager ReloadAssembly
Native extension for WindowsStandalone target not found
Refreshing native plugins compatible for Editor in 0.43 ms, found 2 plugins.
Preloading 0 native plugins for Editor in 0.00 ms.
Mono: successfully reloaded assembly
- Completed reload, in  1.414 seconds
Platform modules already initialized, skipping
Refreshing native plugins compatible for Editor in 0.44 ms, found 2 plugins.
Preloading 0 native plugins for Editor in 0.00 ms.
Unloading 1386 Unused Serialized files (Serialized files now loaded: 0)
System memory in use before: 68.4 MB.
System memory in use after: 68.5 MB.

Unloading 14 unused Assets to reduce memory usage. Loaded Objects now: 1912.
Total: 2.917020 ms (FindLiveObjects: 0.216392 ms CreateObjectMapping: 0.079543 ms MarkObjects: 2.550522 ms  DeleteObjects: 0.069280 ms)

AssetImportParameters requested are different than current active one (requested -> active):
  custom:framework-win-MediaFoundation: 216162199b28c13a410421893ffa2e32 -> 
  custom:video-decoder-ogg-theora: a1e56fd34408186e4bbccfd4996cb3dc -> 
  custom:container-muxer-webm: aa71ff27fc2769a1b78a27578f13a17b -> 
  custom:container-demuxer-webm: 4f35f7cbe854078d1ac9338744f61a02 -> 
  custom:container-demuxer-ogg: 62fdf1f143b41e24485cea50d1cbac27 -> 
  custom:video-encoder-webm-vp8: eb34c28f22e8b96e1ab97ce403110664 -> 
  custom:video-decoder-webm-vp8: 9c59270c3fd7afecdb556c50c9e8de78 -> 
  custom:audio-decoder-ogg-vorbis: bf7c407c2cedff20999df2af8eb42d56 -> 
  custom:audio-encoder-webm-vorbis: bf7c407c2cedff20999df2af8eb42d56 -> 
========================================================================
Received Prepare
Registering precompiled user dll's ...
Registered in 0.007276 seconds.
Begin MonoManager ReloadAssembly
Native extension for WindowsStandalone target not found
Refreshing native plugins compatible for Editor in 0.39 ms, found 2 plugins.
Preloading 0 native plugins for Editor in 0.00 ms.
Mono: successfully reloaded assembly
- Completed reload, in  1.084 seconds
Platform modules already initialized, skipping
Refreshing native plugins compatible for Editor in 0.36 ms, found 2 plugins.
Preloading 0 native plugins for Editor in 0.00 ms.
Unloading 1386 Unused Serialized files (Serialized files now loaded: 0)
System memory in use before: 68.4 MB.
System memory in use after: 68.5 MB.

Unloading 14 unused Assets to reduce memory usage. Loaded Objects now: 1915.
Total: 2.028358 ms (FindLiveObjects: 0.150961 ms CreateObjectMapping: 0.055167 ms MarkObjects: 1.764496 ms  DeleteObjects: 0.057305 ms)

AssetImportParameters requested are different than current active one (requested -> active):
  custom:framework-win-MediaFoundation: 216162199b28c13a410421893ffa2e32 -> 
  custom:video-decoder-ogg-theora: a1e56fd34408186e4bbccfd4996cb3dc -> 
  custom:container-muxer-webm: aa71ff27fc2769a1b78a27578f13a17b -> 
  custom:container-demuxer-webm: 4f35f7cbe854078d1ac9338744f61a02 -> 
  custom:container-demuxer-ogg: 62fdf1f143b41e24485cea50d1cbac27 -> 
  custom:video-encoder-webm-vp8: eb34c28f22e8b96e1ab97ce403110664 -> 
  custom:video-decoder-webm-vp8: 9c59270c3fd7afecdb556c50c9e8de78 -> 
  custom:audio-decoder-ogg-vorbis: bf7c407c2cedff20999df2af8eb42d56 -> 
  custom:audio-encoder-webm-vorbis: bf7c407c2cedff20999df2af8eb42d56 -> 
========================================================================
Received Prepare
Registering precompiled user dll's ...
Registered in 0.007375 seconds.
Begin MonoManager ReloadAssembly
Native extension for WindowsStandalone target not found
Refreshing native plugins compatible for Editor in 0.37 ms, found 2 plugins.
Preloading 0 native plugins for Editor in 0.00 ms.
Mono: successfully reloaded assembly
- Completed reload, in  1.073 seconds
Platform modules already initialized, skipping
Refreshing native plugins compatible for Editor in 0.39 ms, found 2 plugins.
Preloading 0 native plugins for Editor in 0.00 ms.
Unloading 1386 Unused Serialized files (Serialized files now loaded: 0)
System memory in use before: 68.4 MB.
System memory in use after: 68.5 MB.

Unloading 14 unused Assets to reduce memory usage. Loaded Objects now: 1918.
Total: 2.112178 ms (FindLiveObjects: 0.156093 ms CreateObjectMapping: 0.052601 ms MarkObjects: 1.841901 ms  DeleteObjects: 0.059871 ms)

AssetImportParameters requested are different than current active one (requested -> active):
  custom:framework-win-MediaFoundation: 216162199b28c13a410421893ffa2e32 -> 
  custom:video-decoder-ogg-theora: a1e56fd34408186e4bbccfd4996cb3dc -> 
  custom:container-muxer-webm: aa71ff27fc2769a1b78a27578f13a17b -> 
  custom:container-demuxer-webm: 4f35f7cbe854078d1ac9338744f61a02 -> 
  custom:container-demuxer-ogg: 62fdf1f143b41e24485cea50d1cbac27 -> 
  custom:video-encoder-webm-vp8: eb34c28f22e8b96e1ab97ce403110664 -> 
  custom:video-decoder-webm-vp8: 9c59270c3fd7afecdb556c50c9e8de78 -> 
  custom:audio-decoder-ogg-vorbis: bf7c407c2cedff20999df2af8eb42d56 -> 
  custom:audio-encoder-webm-vorbis: bf7c407c2cedff20999df2af8eb42d56 -> 
========================================================================
Received Prepare
Registering precompiled user dll's ...
Registered in 0.007118 seconds.
Begin MonoManager ReloadAssembly
Native extension for WindowsStandalone target not found
Refreshing native plugins compatible for Editor in 0.36 ms, found 2 plugins.
Preloading 0 native plugins for Editor in 0.00 ms.
Mono: successfully reloaded assembly
- Completed reload, in  1.051 seconds
Platform modules already initialized, skipping
Refreshing native plugins compatible for Editor in 0.37 ms, found 2 plugins.
Preloading 0 native plugins for Editor in 0.00 ms.
Unloading 1386 Unused Serialized files (Serialized files now loaded: 0)
System memory in use before: 68.4 MB.
System memory in use after: 68.5 MB.

Unloading 14 unused Assets to reduce memory usage. Loaded Objects now: 1921.
Total: 2.086091 ms (FindLiveObjects: 0.149679 ms CreateObjectMapping: 0.051746 ms MarkObjects: 1.827788 ms  DeleteObjects: 0.056023 ms)

AssetImportParameters requested are different than current active one (requested -> active):
  custom:framework-win-MediaFoundation: 216162199b28c13a410421893ffa2e32 -> 
  custom:video-decoder-ogg-theora: a1e56fd34408186e4bbccfd4996cb3dc -> 
  custom:container-muxer-webm: aa71ff27fc2769a1b78a27578f13a17b -> 
  custom:container-demuxer-webm: 4f35f7cbe854078d1ac9338744f61a02 -> 
  custom:container-demuxer-ogg: 62fdf1f143b41e24485cea50d1cbac27 -> 
  custom:video-encoder-webm-vp8: eb34c28f22e8b96e1ab97ce403110664 -> 
  custom:video-decoder-webm-vp8: 9c59270c3fd7afecdb556c50c9e8de78 -> 
  custom:audio-decoder-ogg-vorbis: bf7c407c2cedff20999df2af8eb42d56 -> 
  custom:audio-encoder-webm-vorbis: bf7c407c2cedff20999df2af8eb42d56 -> 
AssetImportWorkerClient::OnTransportError - code=2 error=End of file
